Using pre-set license
Built from '2020.3/staging' branch; Version is '2020.3.13f1 (71691879b7f5) revision 7432472'; Using compiler version '192528614'; Build Type 'Release'
OS: 'Windows 10 Home; OS build 18363.1556; Version 1909; 64bit' Language: 'ko' Physical Memory: 8025 MB
BatchMode: 1, IsHumanControllingUs: 0, StartBugReporterOnCrash: 0, Is64bit: 1, IsPro: 0

 COMMAND LINE ARGUMENTS:
C:\unity r00t\2020.3.13f1\Editor\Unity.exe
-adb2
-batchMode
-noUpm
-name
AssetImportWorker5
-projectPath
D:/1_2021/2021-Univ-Fall-Term/04.게임엔진실습/01.과제/HW1_점프게임제작/Fishy
-logFile
Logs/AssetImportWorker5.log
-srvPort
6357
Successfully changed project path to: D:/1_2021/2021-Univ-Fall-Term/04.게임엔진실습/01.과제/HW1_점프게임제작/Fishy
D:/1_2021/2021-Univ-Fall-Term/04.게임엔진실습/01.과제/HW1_점프게임제작/Fishy
Using Asset Import Pipeline V2.
Refreshing native plugins compatible for Editor in 79.98 ms, found 2 plugins.
Preloading 0 native plugins for Editor in 0.00 ms.
Initialize engine version: 2020.3.13f1 (71691879b7f5)
[Subsystems] Discovering subsystems at path C:/unity r00t/2020.3.13f1/Editor/Data/Resources/UnitySubsystems
[Subsystems] Discovering subsystems at path D:/1_2021/2021-Univ-Fall-Term/04.게임엔진실습/01.과제/HW1_점프게임제작/Fishy/Assets
GfxDevice: creating device client; threaded=0
Direct3D:
    Version:  Direct3D 11.0 [level 11.1]
    Renderer: Intel(R) UHD Graphics 620 (ID=0x5917)
    Vendor:   
    VRAM:     4012 MB
    Driver:   25.20.100.6577
Initialize mono
Mono path[0] = 'C:/unity r00t/2020.3.13f1/Editor/Data/Managed'
Mono path[1] = 'C:/unity r00t/2020.3.13f1/Editor/Data/MonoBleedingEdge/lib/mono/unityjit'
Mono config path = 'C:/unity r00t/2020.3.13f1/Editor/Data/MonoBleedingEdge/etc'
Using monoOptions --debugger-agent=transport=dt_socket,embedding=1,server=y,suspend=n,address=127.0.0.1:56316
Begin MonoManager ReloadAssembly
Registering precompiled unity dll's ...
Register platform support module: C:/unity r00t/2020.3.13f1/Editor/Data/PlaybackEngines/WindowsStandaloneSupport/UnityEditor.WindowsStandalone.Extensions.dll
Registered in 0.008932 seconds.
Native extension for WindowsStandalone target not found
Refreshing native plugins compatible for Editor in 105.54 ms, found 2 plugins.
Preloading 0 native plugins for Editor in 0.00 ms.
Mono: successfully reloaded assembly
- Completed reload, in  6.205 seconds
Platform modules already initialized, skipping
Registering precompiled user dll's ...
Registered in 0.016414 seconds.
