Using pre-set license
Built from '2020.3/staging' branch; Version is '2020.3.13f1 (71691879b7f5) revision 7432472'; Using compiler version '192528614'; Build Type 'Release'
OS: 'Windows 10 Home; OS build 18363.1556; Version 1909; 64bit' Language: 'ko' Physical Memory: 8025 MB
BatchMode: 1, IsHumanControllingUs: 0, StartBugReporterOnCrash: 0, Is64bit: 1, IsPro: 0

 COMMAND LINE ARGUMENTS:
C:\unity r00t\2020.3.13f1\Editor\Unity.exe
-adb2
-batchMode
-noUpm
-name
AssetImportWorker2
-projectPath
D:/1_2021/2021-Univ-Fall-Term/04.게임엔진실습/01.과제/HW1_점프게임제작/Fishy
-logFile
Logs/AssetImportWorker2.log
-srvPort
6357
Successfully changed project path to: D:/1_2021/2021-Univ-Fall-Term/04.게임엔진실습/01.과제/HW1_점프게임제작/Fishy
D:/1_2021/2021-Univ-Fall-Term/04.게임엔진실습/01.과제/HW1_점프게임제작/Fishy
Using Asset Import Pipeline V2.
Refreshing native plugins compatible for Editor in 17820.06 ms, found 2 plugins.
Preloading 0 native plugins for Editor in 0.00 ms.
Initialize engine version: 2020.3.13f1 (71691879b7f5)
[Subsystems] Discovering subsystems at path C:/unity r00t/2020.3.13f1/Editor/Data/Resources/UnitySubsystems
[Subsystems] Discovering subsystems at path D:/1_2021/2021-Univ-Fall-Term/04.게임엔진실습/01.과제/HW1_점프게임제작/Fishy/Assets
GfxDevice: creating device client; threaded=0
